<?xml version="1.0" encoding="UTF-8"?>
<robot generator="Robot 3.2.2 (Python 3.8.7 on darwin)" generated="20210527 18:50:57.200" rpa="false">
<suite id="s1" name="CriticalFlows01" source="/Users/devinder.singh/Documents/shopfront-apps-auto/apps_auto/Tests_Critical/CriticalFlows01.robot">
<test id="s1-t1" name="Apps &gt; Promotions (Android) Unboxed &amp; Other Offers - QA-8412">
<kw name="Start Application" library="kwStartApp" type="setup">
<kw name="Get Capabilities" library="TalLibrary">
<arguments>
<arg>${False}</arg>
<arg>${autoAlert}</arg>
</arguments>
<assign>
<var>&amp;{cap}</var>
</assign>
<msg timestamp="20210527 18:50:58.160" level="INFO">&amp;{cap} = { platformName=ios | platformVersion=14.4 | deviceName=iPhone 11 | bundleId=com.takealot.iphone.dev | automationName=XCUITest | fullReset=False | autoAcceptAlerts=True | newCommandTimeout=60 | noReset...</msg>
<status status="PASS" starttime="20210527 18:50:58.148" endtime="20210527 18:50:58.161"></status>
</kw>
<kw name="Log Many" library="BuiltIn">
<doc>Logs the given messages as separate entries using the INFO level.</doc>
<arguments>
<arg>&amp;{cap}</arg>
</arguments>
<msg timestamp="20210527 18:50:58.161" level="INFO">platformName=ios</msg>
<msg timestamp="20210527 18:50:58.161" level="INFO">platformVersion=14.4</msg>
<msg timestamp="20210527 18:50:58.161" level="INFO">deviceName=iPhone 11</msg>
<msg timestamp="20210527 18:50:58.161" level="INFO">bundleId=com.takealot.iphone.dev</msg>
<msg timestamp="20210527 18:50:58.161" level="INFO">automationName=XCUITest</msg>
<msg timestamp="20210527 18:50:58.161" level="INFO">fullReset=False</msg>
<msg timestamp="20210527 18:50:58.161" level="INFO">autoAcceptAlerts=True</msg>
<msg timestamp="20210527 18:50:58.161" level="INFO">newCommandTimeout=60</msg>
<msg timestamp="20210527 18:50:58.161" level="INFO">noReset=True</msg>
<msg timestamp="20210527 18:50:58.161" level="INFO">includeSafariInWebviews=False</msg>
<msg timestamp="20210527 18:50:58.162" level="INFO">printPageSourceOnFindFailure=True</msg>
<status status="PASS" starttime="20210527 18:50:58.161" endtime="20210527 18:50:58.162"></status>
</kw>
<kw name="Open Application" library="TalLibrary">
<doc>Opens a new application to given Appium server.
Capabilities of appium server, Android and iOS,
Please check https://github.com/appium/appium/blob/master/docs/en/writing-running-appium/server-args.md
| *Option*            | *Man.* | *Description*     |
| remote_url          | Yes    | Appium server url |
| alias               | no     | alias             |</doc>
<arguments>
<arg>${REMOTE_URL}</arg>
<arg>&amp;{cap}</arg>
</arguments>
<status status="PASS" starttime="20210527 18:50:58.162" endtime="20210527 18:51:08.051"></status>
</kw>
<kw name="Set Implicitly Wait" library="TalLibrary">
<arguments>
<arg>5</arg>
</arguments>
<msg timestamp="20210527 18:51:08.062" level="INFO">Setting implicit wait timeout</msg>
<status status="PASS" starttime="20210527 18:51:08.052" endtime="20210527 18:51:08.068"></status>
</kw>
<status status="PASS" starttime="20210527 18:50:58.147" endtime="20210527 18:51:08.068"></status>
</kw>
<kw name="Click Home" library="kwHome">
<kw name="Wait Until Element Is Visible" library="TalLibrary">
<doc>Waits until element specified with `locator` is visible.</doc>
<arguments>
<arg>${btnHome}</arg>
<arg>30s</arg>
</arguments>
<status status="PASS" starttime="20210527 18:51:08.071" endtime="20210527 18:51:11.572"></status>
</kw>
<kw name="Click Element" library="TalLibrary">
<doc>Click element identified by `locator`.</doc>
<arguments>
<arg>${btnHome}</arg>
</arguments>
<msg timestamp="20210527 18:51:11.580" level="INFO">Clicking element 'chain=**/XCUIElementTypeButton[`label == "Home"`]'.</msg>
<status status="PASS" starttime="20210527 18:51:11.572" endtime="20210527 18:51:12.256"></status>
</kw>
<status status="PASS" starttime="20210527 18:51:08.069" endtime="20210527 18:51:12.256"></status>
</kw>
<kw name="Click Search Home" library="kwSearch">
<kw name="Wait Until Element Is Visible" library="TalLibrary">
<doc>Waits until element specified with `locator` is visible.</doc>
<arguments>
<arg>${btnSearchHome}</arg>
<arg>10s</arg>
</arguments>
<status status="PASS" starttime="20210527 18:51:12.257" endtime="20210527 18:51:12.751"></status>
</kw>
<kw name="Click Element" library="TalLibrary">
<doc>Click element identified by `locator`.</doc>
<arguments>
<arg>${btnSearchHome}</arg>
</arguments>
<msg timestamp="20210527 18:51:12.759" level="INFO">Clicking element 'chain=**/XCUIElementTypeSearchField[`label == "Search for products, brands..."`]'.</msg>
<status status="PASS" starttime="20210527 18:51:12.752" endtime="20210527 18:51:14.174"></status>
</kw>
<kw name="Run Keyword And Return Status" library="BuiltIn">
<doc>Runs the given keyword with given arguments and returns the status as a Boolean value.</doc>
<arguments>
<arg>Wait Until Element Is Visible</arg>
<arg>${btnSearchClearAll}</arg>
<arg>15s</arg>
</arguments>
<assign>
<var>${btnPresentSearchHistory}</var>
</assign>
<kw name="Wait Until Element Is Visible" library="TalLibrary">
<doc>Waits until element specified with `locator` is visible.</doc>
<arguments>
<arg>${btnSearchClearAll}</arg>
<arg>15s</arg>
</arguments>
<status status="PASS" starttime="20210527 18:51:14.177" endtime="20210527 18:51:15.003"></status>
</kw>
<msg timestamp="20210527 18:51:15.003" level="INFO">${btnPresentSearchHistory} = True</msg>
<status status="PASS" starttime="20210527 18:51:14.175" endtime="20210527 18:51:15.003"></status>
</kw>
<kw name="Run Keyword If" library="BuiltIn">
<doc>Runs the given keyword with the given arguments, if ``condition`` is true.</doc>
<arguments>
<arg>${btnPresentSearchHistory} and ${clearAll}</arg>
<arg>Click Element</arg>
<arg>${btnSearchClearAll}</arg>
</arguments>
<kw name="Click Element" library="TalLibrary">
<doc>Click element identified by `locator`.</doc>
<arguments>
<arg>${btnSearchClearAll}</arg>
</arguments>
<msg timestamp="20210527 18:51:15.010" level="INFO">Clicking element 'chain=**/XCUIElementTypeStaticText[`label == "Clear All"`]'.</msg>
<status status="PASS" starttime="20210527 18:51:15.004" endtime="20210527 18:51:15.985"></status>
</kw>
<status status="PASS" starttime="20210527 18:51:15.003" endtime="20210527 18:51:15.985"></status>
</kw>
<status status="PASS" starttime="20210527 18:51:12.256" endtime="20210527 18:51:15.985"></status>
</kw>
<kw name="Search Product" library="kwSearch">
<arguments>
<arg>Hisense 32</arg>
</arguments>
<kw name="Run Keyword If" library="BuiltIn">
<doc>Runs the given keyword with the given arguments, if ``condition`` is true.</doc>
<arguments>
<arg>'${PLATFORM_NAME}'=='ios'</arg>
<arg>Input Text</arg>
<arg>${btnSearchHome}</arg>
<arg>${search}</arg>
</arguments>
<kw name="Input Text" library="TalLibrary">
<doc>Types the given `text` into text field identified by `locator`.</doc>
<arguments>
<arg>${btnSearchHome}</arg>
<arg>${search}</arg>
</arguments>
<msg timestamp="20210527 18:51:15.995" level="INFO">Typing text 'Hisense 32' into text field 'chain=**/XCUIElementTypeSearchField[`label == "Search for products, brands..."`]'</msg>
<status status="PASS" starttime="20210527 18:51:15.987" endtime="20210527 18:51:16.719"></status>
</kw>
<status status="PASS" starttime="20210527 18:51:15.987" endtime="20210527 18:51:16.719"></status>
</kw>
<kw name="Run Keyword If" library="BuiltIn">
<doc>Runs the given keyword with the given arguments, if ``condition`` is true.</doc>
<arguments>
<arg>'${PLATFORM_NAME}'=='android'</arg>
<arg>Input Text</arg>
<arg>${txtSearch}</arg>
<arg>${search}</arg>
</arguments>
<status status="PASS" starttime="20210527 18:51:16.720" endtime="20210527 18:51:16.720"></status>
</kw>
<kw name="Get First Search Option" library="kwAPI">
<arguments>
<arg>${search}</arg>
</arguments>
<assign>
<var>${searchFirstOption}</var>
</assign>
<kw name="Set Variable" library="BuiltIn">
<doc>Returns the given values which can then be assigned to a variables.</doc>
<arguments>
<arg>https://api.takealot.com/rest/v-1-10-0/search/autocomplete?query=${search}</arg>
</arguments>
<assign>
<var>${search_URL}</var>
</assign>
<msg timestamp="20210527 18:51:16.723" level="INFO">${search_URL} = https://api.takealot.com/rest/v-1-10-0/search/autocomplete?query=Hisense 32</msg>
<status status="PASS" starttime="20210527 18:51:16.723" endtime="20210527 18:51:16.723"></status>
</kw>
<kw name="GET" library="REST">
<tags>
<tag>http</tag>
</tags>
<doc>*Sends a GET request to the endpoint.*</doc>
<arguments>
<arg>${search_URL}</arg>
</arguments>
<status status="PASS" starttime="20210527 18:51:16.724" endtime="20210527 18:51:17.919"></status>
</kw>
<kw name="Integer" library="REST">
<tags>
<tag>assertions</tag>
</tags>
<doc>*Asserts the field as JSON integer.*</doc>
<arguments>
<arg>response status</arg>
<arg>200</arg>
</arguments>
<status status="PASS" starttime="20210527 18:51:17.919" endtime="20210527 18:51:17.920"></status>
</kw>
<kw name="Output" library="REST">
<tags>
<tag>I/O</tag>
</tags>
<doc>*Outputs JSON to terminal or a file.*</doc>
<arguments>
<arg>$.suggestions[0].query</arg>
</arguments>
<assign>
<var>${query_result}</var>
</assign>
<msg timestamp="20210527 18:51:17.946" level="INFO">
"hisense 32 inch smart tv"</msg>
<msg timestamp="20210527 18:51:17.958" level="INFO">${query_result} = hisense 32 inch smart tv</msg>
<status status="PASS" starttime="20210527 18:51:17.920" endtime="20210527 18:51:17.958"></status>
</kw>
<kw name="Set Global Variable" library="BuiltIn">
<doc>Makes a variable available globally in all tests and suites.</doc>
<arguments>
<arg>${query_result_search}</arg>
<arg>${query_result}</arg>
</arguments>
<msg timestamp="20210527 18:51:17.963" level="INFO">${query_result_search} = hisense 32 inch smart tv</msg>
<status status="PASS" starttime="20210527 18:51:17.958" endtime="20210527 18:51:17.963"></status>
</kw>
<kw name="Set Variable If" library="BuiltIn">
<doc>Sets variable based on the given condition.</doc>
<arguments>
<arg>'${PLATFORM_NAME}'=='android'</arg>
<arg>xpath=//*[@text="${query_result}"]</arg>
<arg>'${PLATFORM_NAME}'=='ios'</arg>
<arg>chain=**/XCUIElementTypeStaticText[`label == "${query_result}"`]</arg>
</arguments>
<assign>
<var>${searchResult}</var>
</assign>
<kw name="Set Variable If" library="BuiltIn">
<doc>Sets variable based on the given condition.</doc>
<arguments>
<arg>'${PLATFORM_NAME}'=='ios'</arg>
<arg>chain=**/XCUIElementTypeStaticText[`label == "${query_result}"`]</arg>
</arguments>
<status status="PASS" starttime="20210527 18:51:17.964" endtime="20210527 18:51:17.964"></status>
</kw>
<msg timestamp="20210527 18:51:17.964" level="INFO">${searchResult} = chain=**/XCUIElementTypeStaticText[`label == "hisense 32 inch smart tv"`]</msg>
<status status="PASS" starttime="20210527 18:51:17.963" endtime="20210527 18:51:17.964"></status>
</kw>
<msg timestamp="20210527 18:51:17.964" level="INFO">${searchFirstOption} = chain=**/XCUIElementTypeStaticText[`label == "hisense 32 inch smart tv"`]</msg>
<status status="PASS" starttime="20210527 18:51:16.721" endtime="20210527 18:51:17.964"></status>
</kw>
<kw name="Wait Until Element Is Visible" library="TalLibrary">
<doc>Waits until element specified with `locator` is visible.</doc>
<arguments>
<arg>${searchFirstOption}</arg>
<arg>15s</arg>
</arguments>
<status status="PASS" starttime="20210527 18:51:17.964" endtime="20210527 18:51:18.542"></status>
</kw>
<kw name="Click Element" library="TalLibrary">
<doc>Click element identified by `locator`.</doc>
<arguments>
<arg>${searchFirstOption}</arg>
</arguments>
<msg timestamp="20210527 18:51:18.549" level="INFO">Clicking element 'chain=**/XCUIElementTypeStaticText[`label == "hisense 32 inch smart tv"`]'.</msg>
<status status="PASS" starttime="20210527 18:51:18.542" endtime="20210527 18:51:19.726"></status>
</kw>
<status status="PASS" starttime="20210527 18:51:15.986" endtime="20210527 18:51:19.726"></status>
</kw>
<kw name="Click Product From Title" library="kwProductList">
<arguments>
<arg>Hisense 32" HD Ready LED TV with Digital Tuner</arg>
</arguments>
<kw name="Set Variable If" library="BuiltIn">
<doc>Sets variable based on the given condition.</doc>
<arguments>
<arg>'${PLATFORM_NAME}'=='android'</arg>
<arg>xpath=//*[contains(@text, '${title}')]</arg>
<arg>'${PLATFORM_NAME}'=='ios'</arg>
<arg>chain=**/XCUIElementTypeStaticText[`label CONTAINS '${title}'`]</arg>
</arguments>
<assign>
<var>${lblProdTitle}</var>
</assign>
<kw name="Set Variable If" library="BuiltIn">
<doc>Sets variable based on the given condition.</doc>
<arguments>
<arg>'${PLATFORM_NAME}'=='ios'</arg>
<arg>chain=**/XCUIElementTypeStaticText[`label CONTAINS '${title}'`]</arg>
</arguments>
<status status="PASS" starttime="20210527 18:51:19.731" endtime="20210527 18:51:19.732"></status>
</kw>
<msg timestamp="20210527 18:51:19.732" level="INFO">${lblProdTitle} = chain=**/XCUIElementTypeStaticText[`label CONTAINS 'Hisense 32" HD Ready LED TV with Digital Tuner'`]</msg>
<status status="PASS" starttime="20210527 18:51:19.729" endtime="20210527 18:51:19.732"></status>
</kw>
<kw name="Wait Until Element Is Visible" library="TalLibrary">
<doc>Waits until element specified with `locator` is visible.</doc>
<arguments>
<arg>${btnProductSearchFilter}</arg>
<arg>30s</arg>
</arguments>
<status status="PASS" starttime="20210527 18:51:19.733" endtime="20210527 18:51:23.302"></status>
</kw>
<kw name="Set Variable" library="BuiltIn">
<doc>Returns the given values which can then be assigned to a variables.</doc>
<arguments>
<arg>0</arg>
</arguments>
<assign>
<var>${index}</var>
</assign>
<msg timestamp="20210527 18:51:23.303" level="INFO">${index} = 0</msg>
<status status="PASS" starttime="20210527 18:51:23.302" endtime="20210527 18:51:23.303"></status>
</kw>
<kw name="${index} IN RANGE [ 10 ]" type="for">
<kw name="${index} = 0" type="foritem">
<kw name="Run Keyword And Return Status" library="BuiltIn">
<doc>Runs the given keyword with given arguments and returns the status as a Boolean value.</doc>
<arguments>
<arg>Element Should Be Visible</arg>
<arg>${lblProdTitle}</arg>
</arguments>
<assign>
<var>${chkProdVisible}</var>
</assign>
<kw name="Element Should Be Visible" library="TalLibrary">
<doc>Checks that a given element is visible </doc>
<arguments>
<arg>${lblProdTitle}</arg>
</arguments>
<msg timestamp="20210527 18:51:23.680" level="INFO">Element 'chain=**/XCUIElementTypeStaticText[`label CONTAINS 'Hisense 32" HD Ready LED TV with Digital Tuner'`]' is visible .</msg>
<status status="PASS" starttime="20210527 18:51:23.305" endtime="20210527 18:51:23.680"></status>
</kw>
<msg timestamp="20210527 18:51:23.680" level="INFO">${chkProdVisible} = True</msg>
<status status="PASS" starttime="20210527 18:51:23.304" endtime="20210527 18:51:23.680"></status>
</kw>
<kw name="Run Keyword If" library="BuiltIn">
<doc>Runs the given keyword with the given arguments, if ``condition`` is true.</doc>
<arguments>
<arg>${chkProdVisible}==True</arg>
<arg>Exit For Loop</arg>
</arguments>
<kw name="Exit For Loop" library="BuiltIn">
<doc>Stops executing the enclosing for loop.</doc>
<msg timestamp="20210527 18:51:23.681" level="INFO">Exiting for loop altogether.</msg>
<status status="PASS" starttime="20210527 18:51:23.681" endtime="20210527 18:51:23.681"></status>
</kw>
<status status="PASS" starttime="20210527 18:51:23.680" endtime="20210527 18:51:23.681"></status>
</kw>
<status status="PASS" starttime="20210527 18:51:23.303" endtime="20210527 18:51:23.681"></status>
</kw>
<status status="PASS" starttime="20210527 18:51:23.303" endtime="20210527 18:51:23.681"></status>
</kw>
<kw name="Click Element" library="TalLibrary">
<doc>Click element identified by `locator`.</doc>
<arguments>
<arg>${lblProdTitle}</arg>
</arguments>
<msg timestamp="20210527 18:51:23.688" level="INFO">Clicking element 'chain=**/XCUIElementTypeStaticText[`label CONTAINS 'Hisense 32" HD Ready LED TV with Digital Tuner'`]'.</msg>
<status status="PASS" starttime="20210527 18:51:23.682" endtime="20210527 18:51:24.192"></status>
</kw>
<status status="PASS" starttime="20210527 18:51:19.728" endtime="20210527 18:51:24.193"></status>
</kw>
<kw name="Click Other Offers Add To Cart" library="kwPDP">
<kw name="Wait Until Element Is Visible" library="TalLibrary">
<doc>Waits until element specified with `locator` is visible.</doc>
<arguments>
<arg>${btnAddToCart}</arg>
<arg>30s</arg>
</arguments>
<status status="PASS" starttime="20210527 18:51:24.195" endtime="20210527 18:51:29.615"></status>
</kw>
<kw name="Set Variable" library="BuiltIn">
<doc>Returns the given values which can then be assigned to a variables.</doc>
<arguments>
<arg>0</arg>
</arguments>
<assign>
<var>${index}</var>
</assign>
<msg timestamp="20210527 18:51:29.616" level="INFO">${index} = 0</msg>
<status status="PASS" starttime="20210527 18:51:29.616" endtime="20210527 18:51:29.616"></status>
</kw>
<kw name="${index} IN RANGE [ 10 ]" type="for">
<kw name="${index} = 0" type="foritem">
<kw name="Run Keyword And Return Status" library="BuiltIn">
<doc>Runs the given keyword with given arguments and returns the status as a Boolean value.</doc>
<arguments>
<arg>Element Should Be Visible</arg>
<arg>${btnPDPOtherOfferAddToCart}</arg>
</arguments>
<assign>
<var>${chkProdVisible}</var>
</assign>
<kw name="Element Should Be Visible" library="TalLibrary">
<doc>Checks that a given element is visible </doc>
<arguments>
<arg>${btnPDPOtherOfferAddToCart}</arg>
</arguments>
<kw name="Capture Page Screenshot" library="TalLibrary">
<doc>Takes a screenshot of the current page and embeds it into the log.</doc>
<msg timestamp="20210527 18:51:35.144" level="INFO" html="yes">&lt;/td&gt;&lt;/tr&gt;&lt;tr&gt;&lt;td colspan="3"&gt;&lt;a href="appium-screenshot-1.png"&gt;&lt;img src="appium-screenshot-1.png" width="800px"&gt;&lt;/a&gt;</msg>
<status status="PASS" starttime="20210527 18:51:35.010" endtime="20210527 18:51:35.144"></status>
</kw>
<msg timestamp="20210527 18:51:35.147" level="FAIL">Element 'chain=**/XCUIElementTypeButton[`label == "icon cartButton"`]' is not visible .</msg>
<status status="FAIL" starttime="20210527 18:51:29.617" endtime="20210527 18:51:35.148"></status>
</kw>
<msg timestamp="20210527 18:51:35.148" level="INFO">${chkProdVisible} = False</msg>
<status status="PASS" starttime="20210527 18:51:29.616" endtime="20210527 18:51:35.148"></status>
</kw>
<kw name="Run Keyword If" library="BuiltIn">
<doc>Runs the given keyword with the given arguments, if ``condition`` is true.</doc>
<arguments>
<arg>${chkProdVisible}==True</arg>
<arg>Exit For Loop</arg>
</arguments>
<status status="PASS" starttime="20210527 18:51:35.148" endtime="20210527 18:51:35.149"></status>
</kw>
<kw name="Swipe Up" library="kwCommon">
<arguments>
<arg>${btnPDPScrollRoot}</arg>
</arguments>
<kw name="Get Element Size" library="TalLibrary">
<doc>Get element size</doc>
<arguments>
<arg>${locator}</arg>
</arguments>
<assign>
<var>${element_size}</var>
</assign>
<msg timestamp="20210527 18:51:36.203" level="INFO">Element 'chain=**/XCUIElementTypeWindow[1]' size: {'height': 896, 'width': 414} </msg>
<msg timestamp="20210527 18:51:36.204" level="INFO">${element_size} = {'height': 896, 'width': 414}</msg>
<status status="PASS" starttime="20210527 18:51:35.150" endtime="20210527 18:51:36.204"></status>
</kw>
<kw name="Get Element Location" library="TalLibrary">
<doc>Get element location</doc>
<arguments>
<arg>${locator}</arg>
</arguments>
<assign>
<var>${element_location}</var>
</assign>
<msg timestamp="20210527 18:51:37.448" level="INFO">Element 'chain=**/XCUIElementTypeWindow[1]' location: {'x': 0, 'y': 0} </msg>
<msg timestamp="20210527 18:51:37.449" level="INFO">${element_location} = {'x': 0, 'y': 0}</msg>
<status status="PASS" starttime="20210527 18:51:36.205" endtime="20210527 18:51:37.449"></status>
</kw>
<kw name="Evaluate" library="BuiltIn">
<doc>Evaluates the given expression in Python and returns the result.</doc>
<arguments>
<arg>${element_location['x']} + (${element_size['width']} * 0.5)</arg>
</arguments>
<assign>
<var>${start_x}</var>
</assign>
<msg timestamp="20210527 18:51:37.451" level="INFO">${start_x} = 207.0</msg>
<status status="PASS" starttime="20210527 18:51:37.450" endtime="20210527 18:51:37.451"></status>
</kw>
<kw name="Evaluate" library="BuiltIn">
<doc>Evaluates the given expression in Python and returns the result.</doc>
<arguments>
<arg>${element_location['y']} + (${element_size['height']} * 0.7)</arg>
</arguments>
<assign>
<var>${start_y}</var>
</assign>
<msg timestamp="20210527 18:51:37.453" level="INFO">${start_y} = 627.1999999999999</msg>
<status status="PASS" starttime="20210527 18:51:37.452" endtime="20210527 18:51:37.453"></status>
</kw>
<kw name="Evaluate" library="BuiltIn">
<doc>Evaluates the given expression in Python and returns the result.</doc>
<arguments>
<arg>${element_location['x']} + (${element_size['width']} * 0.5)</arg>
</arguments>
<assign>
<var>${end_x}</var>
</assign>
<msg timestamp="20210527 18:51:37.454" level="INFO">${end_x} = 207.0</msg>
<status status="PASS" starttime="20210527 18:51:37.453" endtime="20210527 18:51:37.454"></status>
</kw>
<kw name="Evaluate" library="BuiltIn">
<doc>Evaluates the given expression in Python and returns the result.</doc>
<arguments>
<arg>${element_location['y']} + (${element_size['height']} * 0.3)</arg>
</arguments>
<assign>
<var>${end_y}</var>
</assign>
<msg timestamp="20210527 18:51:37.456" level="INFO">${end_y} = 268.8</msg>
<status status="PASS" starttime="20210527 18:51:37.455" endtime="20210527 18:51:37.456"></status>
</kw>
<kw name="Swipe" library="TalLibrary">
<doc>Swipe from one point to another point, for an optional duration.</doc>
<arguments>
<arg>${start_x}</arg>
<arg>${start_y}</arg>
<arg>${end_x}</arg>
<arg>${end_y}</arg>
<arg>500</arg>
</arguments>
<status status="PASS" starttime="20210527 18:51:37.457" endtime="20210527 18:51:40.405"></status>
</kw>
<kw name="Sleep" library="BuiltIn">
<doc>Pauses the test executed for the given time.</doc>
<arguments>
<arg>1</arg>
</arguments>
<msg timestamp="20210527 18:51:41.407" level="INFO">Slept 1 second</msg>
<status status="PASS" starttime="20210527 18:51:40.406" endtime="20210527 18:51:41.407"></status>
</kw>
<status status="PASS" starttime="20210527 18:51:35.149" endtime="20210527 18:51:41.408"></status>
</kw>
<kw name="Evaluate" library="BuiltIn">
<doc>Evaluates the given expression in Python and returns the result.</doc>
<arguments>
<arg>${index} + 1</arg>
</arguments>
<assign>
<var>${index}</var>
</assign>
<msg timestamp="20210527 18:51:41.409" level="INFO">${index} = 1</msg>
<status status="PASS" starttime="20210527 18:51:41.409" endtime="20210527 18:51:41.410"></status>
</kw>
<status status="PASS" starttime="20210527 18:51:29.616" endtime="20210527 18:51:41.410"></status>
</kw>
<kw name="${index} = 1" type="foritem">
<kw name="Run Keyword And Return Status" library="BuiltIn">
<doc>Runs the given keyword with given arguments and returns the status as a Boolean value.</doc>
<arguments>
<arg>Element Should Be Visible</arg>
<arg>${btnPDPOtherOfferAddToCart}</arg>
</arguments>
<assign>
<var>${chkProdVisible}</var>
</assign>
<kw name="Element Should Be Visible" library="TalLibrary">
<doc>Checks that a given element is visible </doc>
<arguments>
<arg>${btnPDPOtherOfferAddToCart}</arg>
</arguments>
<kw name="Capture Page Screenshot" library="TalLibrary">
<doc>Takes a screenshot of the current page and embeds it into the log.</doc>
<msg timestamp="20210527 18:51:46.901" level="INFO" html="yes">&lt;/td&gt;&lt;/tr&gt;&lt;tr&gt;&lt;td colspan="3"&gt;&lt;a href="appium-screenshot-2.png"&gt;&lt;img src="appium-screenshot-2.png" width="800px"&gt;&lt;/a&gt;</msg>
<status status="PASS" starttime="20210527 18:51:46.604" endtime="20210527 18:51:46.901"></status>
</kw>
<msg timestamp="20210527 18:51:46.902" level="FAIL">Element 'chain=**/XCUIElementTypeButton[`label == "icon cartButton"`]' is not visible .</msg>
<status status="FAIL" starttime="20210527 18:51:41.412" endtime="20210527 18:51:46.902"></status>
</kw>
<msg timestamp="20210527 18:51:46.902" level="INFO">${chkProdVisible} = False</msg>
<status status="PASS" starttime="20210527 18:51:41.411" endtime="20210527 18:51:46.902"></status>
</kw>
<kw name="Run Keyword If" library="BuiltIn">
<doc>Runs the given keyword with the given arguments, if ``condition`` is true.</doc>
<arguments>
<arg>${chkProdVisible}==True</arg>
<arg>Exit For Loop</arg>
</arguments>
<status status="PASS" starttime="20210527 18:51:46.903" endtime="20210527 18:51:46.903"></status>
</kw>
<kw name="Swipe Up" library="kwCommon">
<arguments>
<arg>${btnPDPScrollRoot}</arg>
</arguments>
<kw name="Get Element Size" library="TalLibrary">
<doc>Get element size</doc>
<arguments>
<arg>${locator}</arg>
</arguments>
<assign>
<var>${element_size}</var>
</assign>
<msg timestamp="20210527 18:51:47.610" level="INFO">Element 'chain=**/XCUIElementTypeWindow[1]' size: {'height': 896, 'width': 414} </msg>
<msg timestamp="20210527 18:51:47.610" level="INFO">${element_size} = {'height': 896, 'width': 414}</msg>
<status status="PASS" starttime="20210527 18:51:46.905" endtime="20210527 18:51:47.610"></status>
</kw>
<kw name="Get Element Location" library="TalLibrary">
<doc>Get element location</doc>
<arguments>
<arg>${locator}</arg>
</arguments>
<assign>
<var>${element_location}</var>
</assign>
<msg timestamp="20210527 18:51:48.493" level="INFO">Element 'chain=**/XCUIElementTypeWindow[1]' location: {'x': 0, 'y': 0} </msg>
<msg timestamp="20210527 18:51:48.493" level="INFO">${element_location} = {'x': 0, 'y': 0}</msg>
<status status="PASS" starttime="20210527 18:51:47.611" endtime="20210527 18:51:48.493"></status>
</kw>
<kw name="Evaluate" library="BuiltIn">
<doc>Evaluates the given expression in Python and returns the result.</doc>
<arguments>
<arg>${element_location['x']} + (${element_size['width']} * 0.5)</arg>
</arguments>
<assign>
<var>${start_x}</var>
</assign>
<msg timestamp="20210527 18:51:48.494" level="INFO">${start_x} = 207.0</msg>
<status status="PASS" starttime="20210527 18:51:48.494" endtime="20210527 18:51:48.494"></status>
</kw>
<kw name="Evaluate" library="BuiltIn">
<doc>Evaluates the given expression in Python and returns the result.</doc>
<arguments>
<arg>${element_location['y']} + (${element_size['height']} * 0.7)</arg>
</arguments>
<assign>
<var>${start_y}</var>
</assign>
<msg timestamp="20210527 18:51:48.495" level="INFO">${start_y} = 627.1999999999999</msg>
<status status="PASS" starttime="20210527 18:51:48.495" endtime="20210527 18:51:48.495"></status>
</kw>
<kw name="Evaluate" library="BuiltIn">
<doc>Evaluates the given expression in Python and returns the result.</doc>
<arguments>
<arg>${element_location['x']} + (${element_size['width']} * 0.5)</arg>
</arguments>
<assign>
<var>${end_x}</var>
</assign>
<msg timestamp="20210527 18:51:48.496" level="INFO">${end_x} = 207.0</msg>
<status status="PASS" starttime="20210527 18:51:48.495" endtime="20210527 18:51:48.496"></status>
</kw>
<kw name="Evaluate" library="BuiltIn">
<doc>Evaluates the given expression in Python and returns the result.</doc>
<arguments>
<arg>${element_location['y']} + (${element_size['height']} * 0.3)</arg>
</arguments>
<assign>
<var>${end_y}</var>
</assign>
<msg timestamp="20210527 18:51:48.496" level="INFO">${end_y} = 268.8</msg>
<status status="PASS" starttime="20210527 18:51:48.496" endtime="20210527 18:51:48.496"></status>
</kw>
<kw name="Swipe" library="TalLibrary">
<doc>Swipe from one point to another point, for an optional duration.</doc>
<arguments>
<arg>${start_x}</arg>
<arg>${start_y}</arg>
<arg>${end_x}</arg>
<arg>${end_y}</arg>
<arg>500</arg>
</arguments>
<status status="PASS" starttime="20210527 18:51:48.497" endtime="20210527 18:51:51.741"></status>
</kw>
<kw name="Sleep" library="BuiltIn">
<doc>Pauses the test executed for the given time.</doc>
<arguments>
<arg>1</arg>
</arguments>
<msg timestamp="20210527 18:51:52.743" level="INFO">Slept 1 second</msg>
<status status="PASS" starttime="20210527 18:51:51.742" endtime="20210527 18:51:52.743"></status>
</kw>
<status status="PASS" starttime="20210527 18:51:46.904" endtime="20210527 18:51:52.743"></status>
</kw>
<kw name="Evaluate" library="BuiltIn">
<doc>Evaluates the given expression in Python and returns the result.</doc>
<arguments>
<arg>${index} + 1</arg>
</arguments>
<assign>
<var>${index}</var>
</assign>
<msg timestamp="20210527 18:51:52.744" level="INFO">${index} = 2</msg>
<status status="PASS" starttime="20210527 18:51:52.744" endtime="20210527 18:51:52.744"></status>
</kw>
<status status="PASS" starttime="20210527 18:51:41.410" endtime="20210527 18:51:52.744"></status>
</kw>
<kw name="${index} = 2" type="foritem">
<kw name="Run Keyword And Return Status" library="BuiltIn">
<doc>Runs the given keyword with given arguments and returns the status as a Boolean value.</doc>
<arguments>
<arg>Element Should Be Visible</arg>
<arg>${btnPDPOtherOfferAddToCart}</arg>
</arguments>
<assign>
<var>${chkProdVisible}</var>
</assign>
<kw name="Element Should Be Visible" library="TalLibrary">
<doc>Checks that a given element is visible </doc>
<arguments>
<arg>${btnPDPOtherOfferAddToCart}</arg>
</arguments>
<kw name="Capture Page Screenshot" library="TalLibrary">
<doc>Takes a screenshot of the current page and embeds it into the log.</doc>
<msg timestamp="20210527 18:51:58.529" level="INFO" html="yes">&lt;/td&gt;&lt;/tr&gt;&lt;tr&gt;&lt;td colspan="3"&gt;&lt;a href="appium-screenshot-3.png"&gt;&lt;img src="appium-screenshot-3.png" width="800px"&gt;&lt;/a&gt;</msg>
<status status="PASS" starttime="20210527 18:51:58.433" endtime="20210527 18:51:58.529"></status>
</kw>
<msg timestamp="20210527 18:51:58.529" level="FAIL">Element 'chain=**/XCUIElementTypeButton[`label == "icon cartButton"`]' is not visible .</msg>
<status status="FAIL" starttime="20210527 18:51:52.745" endtime="20210527 18:51:58.529"></status>
</kw>
<msg timestamp="20210527 18:51:58.530" level="INFO">${chkProdVisible} = False</msg>
<status status="PASS" starttime="20210527 18:51:52.744" endtime="20210527 18:51:58.530"></status>
</kw>
<kw name="Run Keyword If" library="BuiltIn">
<doc>Runs the given keyword with the given arguments, if ``condition`` is true.</doc>
<arguments>
<arg>${chkProdVisible}==True</arg>
<arg>Exit For Loop</arg>
</arguments>
<status status="PASS" starttime="20210527 18:51:58.530" endtime="20210527 18:51:58.530"></status>
</kw>
<kw name="Swipe Up" library="kwCommon">
<arguments>
<arg>${btnPDPScrollRoot}</arg>
</arguments>
<kw name="Get Element Size" library="TalLibrary">
<doc>Get element size</doc>
<arguments>
<arg>${locator}</arg>
</arguments>
<assign>
<var>${element_size}</var>
</assign>
<msg timestamp="20210527 18:51:59.442" level="INFO">Element 'chain=**/XCUIElementTypeWindow[1]' size: {'height': 896, 'width': 414} </msg>
<msg timestamp="20210527 18:51:59.442" level="INFO">${element_size} = {'height': 896, 'width': 414}</msg>
<status status="PASS" starttime="20210527 18:51:58.531" endtime="20210527 18:51:59.442"></status>
</kw>
<kw name="Get Element Location" library="TalLibrary">
<doc>Get element location</doc>
<arguments>
<arg>${locator}</arg>
</arguments>
<assign>
<var>${element_location}</var>
</assign>
<msg timestamp="20210527 18:52:00.570" level="INFO">Element 'chain=**/XCUIElementTypeWindow[1]' location: {'x': 0, 'y': 0} </msg>
<msg timestamp="20210527 18:52:00.570" level="INFO">${element_location} = {'x': 0, 'y': 0}</msg>
<status status="PASS" starttime="20210527 18:51:59.443" endtime="20210527 18:52:00.570"></status>
</kw>
<kw name="Evaluate" library="BuiltIn">
<doc>Evaluates the given expression in Python and returns the result.</doc>
<arguments>
<arg>${element_location['x']} + (${element_size['width']} * 0.5)</arg>
</arguments>
<assign>
<var>${start_x}</var>
</assign>
<msg timestamp="20210527 18:52:00.571" level="INFO">${start_x} = 207.0</msg>
<status status="PASS" starttime="20210527 18:52:00.570" endtime="20210527 18:52:00.571"></status>
</kw>
<kw name="Evaluate" library="BuiltIn">
<doc>Evaluates the given expression in Python and returns the result.</doc>
<arguments>
<arg>${element_location['y']} + (${element_size['height']} * 0.7)</arg>
</arguments>
<assign>
<var>${start_y}</var>
</assign>
<msg timestamp="20210527 18:52:00.572" level="INFO">${start_y} = 627.1999999999999</msg>
<status status="PASS" starttime="20210527 18:52:00.571" endtime="20210527 18:52:00.572"></status>
</kw>
<kw name="Evaluate" library="BuiltIn">
<doc>Evaluates the given expression in Python and returns the result.</doc>
<arguments>
<arg>${element_location['x']} + (${element_size['width']} * 0.5)</arg>
</arguments>
<assign>
<var>${end_x}</var>
</assign>
<msg timestamp="20210527 18:52:00.572" level="INFO">${end_x} = 207.0</msg>
<status status="PASS" starttime="20210527 18:52:00.572" endtime="20210527 18:52:00.572"></status>
</kw>
<kw name="Evaluate" library="BuiltIn">
<doc>Evaluates the given expression in Python and returns the result.</doc>
<arguments>
<arg>${element_location['y']} + (${element_size['height']} * 0.3)</arg>
</arguments>
<assign>
<var>${end_y}</var>
</assign>
<msg timestamp="20210527 18:52:00.573" level="INFO">${end_y} = 268.8</msg>
<status status="PASS" starttime="20210527 18:52:00.573" endtime="20210527 18:52:00.574"></status>
</kw>
<kw name="Swipe" library="TalLibrary">
<doc>Swipe from one point to another point, for an optional duration.</doc>
<arguments>
<arg>${start_x}</arg>
<arg>${start_y}</arg>
<arg>${end_x}</arg>
<arg>${end_y}</arg>
<arg>500</arg>
</arguments>
<status status="PASS" starttime="20210527 18:52:00.574" endtime="20210527 18:52:03.520"></status>
</kw>
<kw name="Sleep" library="BuiltIn">
<doc>Pauses the test executed for the given time.</doc>
<arguments>
<arg>1</arg>
</arguments>
<msg timestamp="20210527 18:52:04.521" level="INFO">Slept 1 second</msg>
<status status="PASS" starttime="20210527 18:52:03.521" endtime="20210527 18:52:04.521"></status>
</kw>
<status status="PASS" starttime="20210527 18:51:58.531" endtime="20210527 18:52:04.521"></status>
</kw>
<kw name="Evaluate" library="BuiltIn">
<doc>Evaluates the given expression in Python and returns the result.</doc>
<arguments>
<arg>${index} + 1</arg>
</arguments>
<assign>
<var>${index}</var>
</assign>
<msg timestamp="20210527 18:52:04.522" level="INFO">${index} = 3</msg>
<status status="PASS" starttime="20210527 18:52:04.522" endtime="20210527 18:52:04.522"></status>
</kw>
<status status="PASS" starttime="20210527 18:51:52.744" endtime="20210527 18:52:04.522"></status>
</kw>
<kw name="${index} = 3" type="foritem">
<kw name="Run Keyword And Return Status" library="BuiltIn">
<doc>Runs the given keyword with given arguments and returns the status as a Boolean value.</doc>
<arguments>
<arg>Element Should Be Visible</arg>
<arg>${btnPDPOtherOfferAddToCart}</arg>
</arguments>
<assign>
<var>${chkProdVisible}</var>
</assign>
<kw name="Element Should Be Visible" library="TalLibrary">
<doc>Checks that a given element is visible </doc>
<arguments>
<arg>${btnPDPOtherOfferAddToCart}</arg>
</arguments>
<kw name="Capture Page Screenshot" library="TalLibrary">
<doc>Takes a screenshot of the current page and embeds it into the log.</doc>
<msg timestamp="20210527 18:52:09.651" level="INFO" html="yes">&lt;/td&gt;&lt;/tr&gt;&lt;tr&gt;&lt;td colspan="3"&gt;&lt;a href="appium-screenshot-4.png"&gt;&lt;img src="appium-screenshot-4.png" width="800px"&gt;&lt;/a&gt;</msg>
<status status="PASS" starttime="20210527 18:52:09.543" endtime="20210527 18:52:09.651"></status>
</kw>
<msg timestamp="20210527 18:52:09.652" level="FAIL">Element 'chain=**/XCUIElementTypeButton[`label == "icon cartButton"`]' is not visible .</msg>
<status status="FAIL" starttime="20210527 18:52:04.523" endtime="20210527 18:52:09.652"></status>
</kw>
<msg timestamp="20210527 18:52:09.652" level="INFO">${chkProdVisible} = False</msg>
<status status="PASS" starttime="20210527 18:52:04.523" endtime="20210527 18:52:09.652"></status>
</kw>
<kw name="Run Keyword If" library="BuiltIn">
<doc>Runs the given keyword with the given arguments, if ``condition`` is true.</doc>
<arguments>
<arg>${chkProdVisible}==True</arg>
<arg>Exit For Loop</arg>
</arguments>
<status status="PASS" starttime="20210527 18:52:09.653" endtime="20210527 18:52:09.654"></status>
</kw>
<kw name="Swipe Up" library="kwCommon">
<arguments>
<arg>${btnPDPScrollRoot}</arg>
</arguments>
<kw name="Get Element Size" library="TalLibrary">
<doc>Get element size</doc>
<arguments>
<arg>${locator}</arg>
</arguments>
<assign>
<var>${element_size}</var>
</assign>
<msg timestamp="20210527 18:52:10.381" level="INFO">Element 'chain=**/XCUIElementTypeWindow[1]' size: {'height': 896, 'width': 414} </msg>
<msg timestamp="20210527 18:52:10.382" level="INFO">${element_size} = {'height': 896, 'width': 414}</msg>
<status status="PASS" starttime="20210527 18:52:09.656" endtime="20210527 18:52:10.382"></status>
</kw>
<kw name="Get Element Location" library="TalLibrary">
<doc>Get element location</doc>
<arguments>
<arg>${locator}</arg>
</arguments>
<assign>
<var>${element_location}</var>
</assign>
<msg timestamp="20210527 18:52:11.523" level="INFO">Element 'chain=**/XCUIElementTypeWindow[1]' location: {'x': 0, 'y': 0} </msg>
<msg timestamp="20210527 18:52:11.523" level="INFO">${element_location} = {'x': 0, 'y': 0}</msg>
<status status="PASS" starttime="20210527 18:52:10.382" endtime="20210527 18:52:11.523"></status>
</kw>
<kw name="Evaluate" library="BuiltIn">
<doc>Evaluates the given expression in Python and returns the result.</doc>
<arguments>
<arg>${element_location['x']} + (${element_size['width']} * 0.5)</arg>
</arguments>
<assign>
<var>${start_x}</var>
</assign>
<msg timestamp="20210527 18:52:11.524" level="INFO">${start_x} = 207.0</msg>
<status status="PASS" starttime="20210527 18:52:11.524" endtime="20210527 18:52:11.524"></status>
</kw>
<kw name="Evaluate" library="BuiltIn">
<doc>Evaluates the given expression in Python and returns the result.</doc>
<arguments>
<arg>${element_location['y']} + (${element_size['height']} * 0.7)</arg>
</arguments>
<assign>
<var>${start_y}</var>
</assign>
<msg timestamp="20210527 18:52:11.525" level="INFO">${start_y} = 627.1999999999999</msg>
<status status="PASS" starttime="20210527 18:52:11.525" endtime="20210527 18:52:11.525"></status>
</kw>
<kw name="Evaluate" library="BuiltIn">
<doc>Evaluates the given expression in Python and returns the result.</doc>
<arguments>
<arg>${element_location['x']} + (${element_size['width']} * 0.5)</arg>
</arguments>
<assign>
<var>${end_x}</var>
</assign>
<msg timestamp="20210527 18:52:11.526" level="INFO">${end_x} = 207.0</msg>
<status status="PASS" starttime="20210527 18:52:11.525" endtime="20210527 18:52:11.526"></status>
</kw>
<kw name="Evaluate" library="BuiltIn">
<doc>Evaluates the given expression in Python and returns the result.</doc>
<arguments>
<arg>${element_location['y']} + (${element_size['height']} * 0.3)</arg>
</arguments>
<assign>
<var>${end_y}</var>
</assign>
<msg timestamp="20210527 18:52:11.527" level="INFO">${end_y} = 268.8</msg>
<status status="PASS" starttime="20210527 18:52:11.526" endtime="20210527 18:52:11.527"></status>
</kw>
<kw name="Swipe" library="TalLibrary">
<doc>Swipe from one point to another point, for an optional duration.</doc>
<arguments>
<arg>${start_x}</arg>
<arg>${start_y}</arg>
<arg>${end_x}</arg>
<arg>${end_y}</arg>
<arg>500</arg>
</arguments>
<status status="PASS" starttime="20210527 18:52:11.527" endtime="20210527 18:52:14.694"></status>
</kw>
<kw name="Sleep" library="BuiltIn">
<doc>Pauses the test executed for the given time.</doc>
<arguments>
<arg>1</arg>
</arguments>
<msg timestamp="20210527 18:52:15.696" level="INFO">Slept 1 second</msg>
<status status="PASS" starttime="20210527 18:52:14.696" endtime="20210527 18:52:15.697"></status>
</kw>
<status status="PASS" starttime="20210527 18:52:09.655" endtime="20210527 18:52:15.697"></status>
</kw>
<kw name="Evaluate" library="BuiltIn">
<doc>Evaluates the given expression in Python and returns the result.</doc>
<arguments>
<arg>${index} + 1</arg>
</arguments>
<assign>
<var>${index}</var>
</assign>
<msg timestamp="20210527 18:52:15.697" level="INFO">${index} = 4</msg>
<status status="PASS" starttime="20210527 18:52:15.697" endtime="20210527 18:52:15.698"></status>
</kw>
<status status="PASS" starttime="20210527 18:52:04.522" endtime="20210527 18:52:15.698"></status>
</kw>
<kw name="${index} = 4" type="foritem">
<kw name="Run Keyword And Return Status" library="BuiltIn">
<doc>Runs the given keyword with given arguments and returns the status as a Boolean value.</doc>
<arguments>
<arg>Element Should Be Visible</arg>
<arg>${btnPDPOtherOfferAddToCart}</arg>
</arguments>
<assign>
<var>${chkProdVisible}</var>
</assign>
<kw name="Element Should Be Visible" library="TalLibrary">
<doc>Checks that a given element is visible </doc>
<arguments>
<arg>${btnPDPOtherOfferAddToCart}</arg>
</arguments>
<msg timestamp="20210527 18:52:16.827" level="INFO">Element 'chain=**/XCUIElementTypeButton[`label == "icon cartButton"`]' is visible .</msg>
<status status="PASS" starttime="20210527 18:52:15.698" endtime="20210527 18:52:16.827"></status>
</kw>
<msg timestamp="20210527 18:52:16.827" level="INFO">${chkProdVisible} = True</msg>
<status status="PASS" starttime="20210527 18:52:15.698" endtime="20210527 18:52:16.827"></status>
</kw>
<kw name="Run Keyword If" library="BuiltIn">
<doc>Runs the given keyword with the given arguments, if ``condition`` is true.</doc>
<arguments>
<arg>${chkProdVisible}==True</arg>
<arg>Exit For Loop</arg>
</arguments>
<kw name="Exit For Loop" library="BuiltIn">
<doc>Stops executing the enclosing for loop.</doc>
<msg timestamp="20210527 18:52:16.828" level="INFO">Exiting for loop altogether.</msg>
<status status="PASS" starttime="20210527 18:52:16.828" endtime="20210527 18:52:16.828"></status>
</kw>
<status status="PASS" starttime="20210527 18:52:16.828" endtime="20210527 18:52:16.829"></status>
</kw>
<status status="PASS" starttime="20210527 18:52:15.698" endtime="20210527 18:52:16.829"></status>
</kw>
<status status="PASS" starttime="20210527 18:51:29.616" endtime="20210527 18:52:16.829"></status>
</kw>
<kw name="Click Element" library="TalLibrary">
<doc>Click element identified by `locator`.</doc>
<arguments>
<arg>${btnPDPOtherOfferAddToCart}</arg>
</arguments>
<msg timestamp="20210527 18:52:16.836" level="INFO">Clicking element 'chain=**/XCUIElementTypeButton[`label == "icon cartButton"`]'.</msg>
<status status="PASS" starttime="20210527 18:52:16.829" endtime="20210527 18:52:19.264"></status>
</kw>
<status status="PASS" starttime="20210527 18:51:24.193" endtime="20210527 18:52:19.265"></status>
</kw>
<kw name="Click Go To Cart" library="kwPDP">
<kw name="Wait Until Element Is Visible" library="TalLibrary">
<doc>Waits until element specified with `locator` is visible.</doc>
<arguments>
<arg>${btnGoToCart}</arg>
<arg>30s</arg>
</arguments>
<status status="PASS" starttime="20210527 18:52:19.267" endtime="20210527 18:52:22.442"></status>
</kw>
<kw name="Click Element" library="TalLibrary">
<doc>Click element identified by `locator`.</doc>
<arguments>
<arg>${btnGoToCart}</arg>
</arguments>
<msg timestamp="20210527 18:52:22.452" level="INFO">Clicking element 'chain=**/XCUIElementTypeButton[`label == "Go to Cart"`]'.</msg>
<status status="PASS" starttime="20210527 18:52:22.442" endtime="20210527 18:52:25.379"></status>
</kw>
<status status="PASS" starttime="20210527 18:52:19.265" endtime="20210527 18:52:25.379"></status>
</kw>
<kw name="Click Checkout" library="kwCheckout">
<kw name="Wait Until Element Is Visible" library="TalLibrary">
<doc>Waits until element specified with `locator` is visible.</doc>
<arguments>
<arg>${btnCheckout}</arg>
<arg>30s</arg>
</arguments>
<status status="PASS" starttime="20210527 18:52:25.381" endtime="20210527 18:52:26.839"></status>
</kw>
<kw name="Click Element" library="TalLibrary">
<doc>Click element identified by `locator`.</doc>
<arguments>
<arg>${btnCheckout}</arg>
</arguments>
<msg timestamp="20210527 18:52:26.854" level="INFO">Clicking element 'chain=**/XCUIElementTypeButton[`label == "Checkout"`]'.</msg>
<status status="PASS" starttime="20210527 18:52:26.839" endtime="20210527 18:52:27.477"></status>
</kw>
<status status="PASS" starttime="20210527 18:52:25.380" endtime="20210527 18:52:27.477"></status>
</kw>
<kw name="Tear Down" library="kwStartApp" type="teardown">
<kw name="Capture Page Screenshot" library="TalLibrary">
<doc>Takes a screenshot of the current page and embeds it into the log.</doc>
<msg timestamp="20210527 18:52:27.600" level="INFO" html="yes">&lt;/td&gt;&lt;/tr&gt;&lt;tr&gt;&lt;td colspan="3"&gt;&lt;a href="appium-screenshot-5.png"&gt;&lt;img src="appium-screenshot-5.png" width="800px"&gt;&lt;/a&gt;</msg>
<status status="PASS" starttime="20210527 18:52:27.480" endtime="20210527 18:52:27.600"></status>
</kw>
<kw name="Set Implicitly Wait" library="TalLibrary">
<arguments>
<arg>1</arg>
</arguments>
<msg timestamp="20210527 18:52:27.614" level="INFO">Setting implicit wait timeout</msg>
<status status="PASS" starttime="20210527 18:52:27.601" endtime="20210527 18:52:27.618"></status>
</kw>
<kw name="Close Application" library="TalLibrary">
<doc>Closes the current application and also close webdriver session.</doc>
<status status="PASS" starttime="20210527 18:52:27.619" endtime="20210527 18:52:28.653"></status>
</kw>
<status status="PASS" starttime="20210527 18:52:27.478" endtime="20210527 18:52:28.653"></status>
</kw>
<tags>
<tag>data</tag>
</tags>
<status status="PASS" starttime="20210527 18:50:58.146" endtime="20210527 18:52:28.653" critical="yes"></status>
</test>
<status status="PASS" starttime="20210527 18:50:57.202" endtime="20210527 18:52:28.654"></status>
</suite>
<statistics>
<total>
<stat pass="1" fail="0">Critical Tests</stat>
<stat pass="1" fail="0">All Tests</stat>
</total>
<tag>
<stat pass="1" fail="0">data</stat>
</tag>
<suite>
<stat pass="1" fail="0" id="s1" name="CriticalFlows01">CriticalFlows01</stat>
</suite>
</statistics>
<errors>
</errors>
</robot>
